[35m[Appium][39m Welcome to Appium v1.22.3
[35m[Appium][39m Non-default server args:
[35m[Appium][39m   port: 52284
[35m[Appium][39m   loglevel: info
[35m[Appium][39m   tmpDir: C:\Users\Dell\AppData\Local\Temp\\Katalon\Appium\Temp1667359524878
[35m[Appium][39m   chromedriverPort: 52285
[35m[Appium][39m Deprecated server args:
[35m[Appium][39m   [31m--chromedriver-port[39m => --default-capabilities
[35m[Appium][39m Default capabilities, which will be added to each request unless overridden by desired capabilities:
[35m[Appium][39m   chromedriverPort: 52285
[35m[Appium][39m Appium REST http interface listener started on 0.0.0.0:52284
[35m[HTTP][39m [37m-->[39m [37mGET[39m [37m/wd/hub/status[39m
[35m[HTTP][39m [90m{}[39m
[35m[HTTP][39m [37m<-- GET /wd/hub/status [39m[32m200[39m [90m6 ms - 68[39m
[35m[HTTP][39m [90m[39m
[35m[HTTP][39m [37m-->[39m [37mGET[39m [37m/wd/hub/status[39m
[35m[HTTP][39m [90m{}[39m
[35m[HTTP][39m [37m<-- GET /wd/hub/status [39m[32m200[39m [90m1 ms - 68[39m
[35m[HTTP][39m [90m[39m
[35m[HTTP][39m [37m-->[39m [37mPOST[39m [37m/wd/hub/session[39m
[35m[HTTP][39m [90m{"desiredCapabilities":{"app":"C:\\Users\\Dell\\Downloads\\app-release.apk","noReset":true,"deviceId":"","deviceName":"Xiaomi Redmi 6 (Android 9)","fullReset":false,"platform":"ANDROID","newCommandTimeout":1800,"platformVersion":"9","automationName":"uiautomator2","autoGrantPermissions":true,"platformName":"Android","udid":"4a4c96087d28","systemPort":52289},"capabilities":{"firstMatch":[{"appium:app":"C:\\Users\\Dell\\Downloads\\app-release.apk","appium:autoGrantPermissions":true,"appium:automationName":"uiautomator2","deviceId":"","appium:deviceName":"Xiaomi Redmi 6 (Android 9)","appium:fullReset":false,"appium:newCommandTimeout":1800,"appium:noReset":true,"platform":"ANDROID","platformName":"android","appium:platformVersion":"9","appium:systemPort":52289,"appium:udid":"4a4c96087d28"}]}}[39m
[35m[BaseDriver][39m The following capabilities are not standard capabilities and should have an extension prefix:
[35m[BaseDriver][39m   deviceId
[35m[BaseDriver][39m   platform
[35m[BaseDriver][39m   chromedriverPort
[35m[Appium][39m Appium v1.22.3 creating new AndroidUiautomator2Driver (v1.70.1) session
[35m[BaseDriver][39m The following capabilities were provided, but are not recognized by Appium:
[35m[BaseDriver][39m   deviceId
[35m[BaseDriver][39m   platform
[35m[BaseDriver][39m Session created with session id: dc9e9ee2-3576-4436-8581-30ab615a1748
[35m[BaseDriver][39m Using local app 'C:\Users\Dell\Downloads\app-release.apk'
[35m[ADB][39m Found 1 'build-tools' folders under 'C:\Users\Dell\AppData\Local\Android\Sdk' (newest first):
[35m[ADB][39m     C:/Users/Dell/AppData/Local/Android/Sdk/build-tools/33.0.0
[35m[ADB][39m Using 'adb.exe' from 'C:\Users\Dell\AppData\Local\Android\Sdk\platform-tools\adb.exe'
[35m[AndroidDriver][39m Retrieving device list
[35m[AndroidDriver][39m Using device: 4a4c96087d28
[35m[ADB][39m Using 'adb.exe' from 'C:\Users\Dell\AppData\Local\Android\Sdk\platform-tools\adb.exe'
[35m[ADB][39m Getting device platform version
[35m[UiAutomator2][39m Relaxing hidden api policy
[35m[ADB][39m Package name: 'com.example.frontend_mobile'
[35m[ADB][39m Main activity name: 'com.example.frontend_mobile.MainActivity'
[35m[ADB][39m Using 'apksigner.jar' from 'C:\Users\Dell\AppData\Local\Android\Sdk\build-tools\33.0.0\lib\apksigner.jar'
[35m[ADB][39m 'C:\Users\Dell\AppData\Roaming\npm\node_modules\appium\node_modules\appium-uiautomator2-server\apks\appium-uiautomator2-server-v4.27.0.apk' is signed with the default certificate
[35m[ADB][39m 'C:\Users\Dell\AppData\Roaming\npm\node_modules\appium\node_modules\appium-uiautomator2-server\apks\appium-uiautomator2-server-debug-androidTest.apk' is signed with the default certificate
[35m[UiAutomator2][39m Server packages are not going to be (re)installed
[35m[ADB][39m Adding packages ["io.appium.settings","io.appium.uiautomator2.server","io.appium.uiautomator2.server.test"] to Doze whitelist
[35m[ADB][39m 'C:\Users\Dell\Downloads\app-release.apk' is signed with a non-default certificate
[35m[UiAutomator2][39m Starting UIAutomator2 server 4.27.0
[35m[UiAutomator2][39m Using UIAutomator2 server from 'C:\Users\Dell\AppData\Roaming\npm\node_modules\appium\node_modules\appium-uiautomator2-server\apks\appium-uiautomator2-server-v4.27.0.apk' and test from 'C:\Users\Dell\AppData\Roaming\npm\node_modules\appium\node_modules\appium-uiautomator2-server\apks\appium-uiautomator2-server-debug-androidTest.apk'
[35m[UiAutomator2][39m Waiting up to 30000ms for UiAutomator2 to be online...
[35m[WD Proxy][39m socket hang up
[35m[WD Proxy][39m socket hang up
[35m[WD Proxy][39m socket hang up
[35m[WD Proxy][39m socket hang up
[35m[WD Proxy][39m socket hang up
[35m[WD Proxy][39m socket hang up
[35m[WD Proxy][39m Determined the downstream protocol as 'W3C'
[35m[AndroidDriver][39m Screen already unlocked, doing nothing
[35m[UiAutomator2][39m Starting 'com.example.frontend_mobile/com.example.frontend_mobile.MainActivity and waiting for 'com.example.frontend_mobile/com.example.frontend_mobile.MainActivity'
[35m[Appium][39m New AndroidUiautomator2Driver session created successfully, session dc9e9ee2-3576-4436-8581-30ab615a1748 added to master session list
[35m[HTTP][39m [37m<-- POST /wd/hub/session [39m[32m200[39m [90m14831 ms - 1268[39m
[35m[HTTP][39m [90m[39m
[35m[HTTP][39m [37m-->[39m [37mGET[39m [37m/wd/hub/session/dc9e9ee2-3576-4436-8581-30ab615a1748[39m
[35m[HTTP][39m [90m{}[39m
[35m[HTTP][39m [37m<-- GET /wd/hub/session/dc9e9ee2-3576-4436-8581-30ab615a1748 [39m[32m200[39m [90m31 ms - 1222[39m
[35m[HTTP][39m [90m[39m
[35m[HTTP][39m [37m-->[39m [37mGET[39m [37m/wd/hub/session/dc9e9ee2-3576-4436-8581-30ab615a1748[39m
[35m[HTTP][39m [90m{}[39m
[35m[HTTP][39m [37m<-- GET /wd/hub/session/dc9e9ee2-3576-4436-8581-30ab615a1748 [39m[32m200[39m [90m27 ms - 1222[39m
[35m[HTTP][39m [90m[39m
[35m[HTTP][39m [37m-->[39m [37mGET[39m [37m/wd/hub/status[39m
[35m[HTTP][39m [90m{}[39m
[35m[HTTP][39m [37m<-- GET /wd/hub/status [39m[32m200[39m [90m1 ms - 68[39m
[35m[HTTP][39m [90m[39m
[35m[HTTP][39m [37m-->[39m [37mPOST[39m [37m/wd/hub/session/dc9e9ee2-3576-4436-8581-30ab615a1748/timeouts[39m
[35m[HTTP][39m [90m{"implicit":60000}[39m
[35m[HTTP][39m [37m<-- POST /wd/hub/session/dc9e9ee2-3576-4436-8581-30ab615a1748/timeouts [39m[32m200[39m [90m5 ms - 14[39m
[35m[HTTP][39m [90m[39m
[35m[HTTP][39m [37m-->[39m [37mGET[39m [37m/wd/hub/session/dc9e9ee2-3576-4436-8581-30ab615a1748/source[39m
[35m[HTTP][39m [90m{}[39m
[35m[W3C (dc9e9ee2)][39m Driver proxy active, passing request on via HTTP proxy
[35m[WD Proxy][39m Replacing sessionId 29129d26-166e-4cf4-8c99-416a7936c119 with dc9e9ee2-3576-4436-8581-30ab615a1748
[35m[HTTP][39m [37m<-- GET /wd/hub/session/dc9e9ee2-3576-4436-8581-30ab615a1748/source [39m[32m200[39m [90m10582 ms - 16202[39m
[35m[HTTP][39m [90m[39m
[35m[HTTP][39m [37m-->[39m [37mGET[39m [37m/wd/hub/session/dc9e9ee2-3576-4436-8581-30ab615a1748/screenshot[39m
[35m[HTTP][39m [90m{}[39m
[35m[HTTP][39m [37m<-- GET /wd/hub/session/dc9e9ee2-3576-4436-8581-30ab615a1748/screenshot [39m[32m200[39m [90m645 ms - 129484[39m
[35m[HTTP][39m [90m[39m
[35m[HTTP][39m [37m-->[39m [37mGET[39m [37m/wd/hub/session/dc9e9ee2-3576-4436-8581-30ab615a1748/source[39m
[35m[HTTP][39m [90m{}[39m
[35m[W3C (dc9e9ee2)][39m Driver proxy active, passing request on via HTTP proxy
[35m[WD Proxy][39m Replacing sessionId 29129d26-166e-4cf4-8c99-416a7936c119 with dc9e9ee2-3576-4436-8581-30ab615a1748
[35m[HTTP][39m [37m<-- GET /wd/hub/session/dc9e9ee2-3576-4436-8581-30ab615a1748/source [39m[32m200[39m [90m10222 ms - 6982[39m
[35m[HTTP][39m [90m[39m
[35m[HTTP][39m [37m-->[39m [37mGET[39m [37m/wd/hub/session/dc9e9ee2-3576-4436-8581-30ab615a1748/screenshot[39m
[35m[HTTP][39m [90m{}[39m
[35m[HTTP][39m [37m<-- GET /wd/hub/session/dc9e9ee2-3576-4436-8581-30ab615a1748/screenshot [39m[32m200[39m [90m573 ms - 59954[39m
[35m[HTTP][39m [90m[39m
[35m[HTTP][39m [37m-->[39m [37mPOST[39m [37m/wd/hub/session/dc9e9ee2-3576-4436-8581-30ab615a1748/elements[39m
[35m[HTTP][39m [90m{"using":"xpath","value":"//*[@class = 'android.widget.EditText' and (@text = 'Email' or . = 'Email') and @resource-id = '']"}[39m
[35m[HTTP][39m [37m<-- POST /wd/hub/session/dc9e9ee2-3576-4436-8581-30ab615a1748/elements [39m[32m200[39m [90m11564 ms - 139[39m
[35m[HTTP][39m [90m[39m
[35m[HTTP][39m [37m-->[39m [37mGET[39m [37m/wd/hub/session/dc9e9ee2-3576-4436-8581-30ab615a1748/window/rect[39m
[35m[HTTP][39m [90m{}[39m
[35m[HTTP][39m [37m<-- GET /wd/hub/session/dc9e9ee2-3576-4436-8581-30ab615a1748/window/rect [39m[32m200[39m [90m66 ms - 49[39m
[35m[HTTP][39m [90m[39m
[35m[HTTP][39m [37m-->[39m [37mPOST[39m [37m/wd/hub/session/dc9e9ee2-3576-4436-8581-30ab615a1748/elements[39m
[35m[HTTP][39m [90m{"using":"xpath","value":"//*[@class = 'android.widget.EditText' and (@text = 'Email' or . = 'Email') and @resource-id = '']"}[39m
[35m[HTTP][39m [37m<-- POST /wd/hub/session/dc9e9ee2-3576-4436-8581-30ab615a1748/elements [39m[32m200[39m [90m10566 ms - 139[39m
[35m[HTTP][39m [90m[39m
[35m[HTTP][39m [37m-->[39m [37mGET[39m [37m/wd/hub/session/dc9e9ee2-3576-4436-8581-30ab615a1748/element/00000000-0000-07f5-0000-002b00000000/location[39m
[35m[HTTP][39m [90m{}[39m
[35m[W3C (dc9e9ee2)][39m Driver proxy active, passing request on via HTTP proxy
[35m[WD Proxy][39m Replacing sessionId 29129d26-166e-4cf4-8c99-416a7936c119 with dc9e9ee2-3576-4436-8581-30ab615a1748
[35m[HTTP][39m [37m<-- GET /wd/hub/session/dc9e9ee2-3576-4436-8581-30ab615a1748/element/00000000-0000-07f5-0000-002b00000000/location [39m[32m200[39m [90m20153 ms - 77[39m
[35m[HTTP][39m [90m[39m
[35m[HTTP][39m [37m-->[39m [37mPOST[39m [37m/wd/hub/session/dc9e9ee2-3576-4436-8581-30ab615a1748/element/00000000-0000-07f5-0000-002b00000000/clear[39m
[35m[HTTP][39m [90m{"id":"00000000-0000-07f5-0000-002b00000000"}[39m
[35m[HTTP][39m [37m<-- POST /wd/hub/session/dc9e9ee2-3576-4436-8581-30ab615a1748/element/00000000-0000-07f5-0000-002b00000000/clear [39m[32m200[39m [90m20175 ms - 14[39m
[35m[HTTP][39m [90m[39m
[35m[HTTP][39m [37m-->[39m [37mPOST[39m [37m/wd/hub/session/dc9e9ee2-3576-4436-8581-30ab615a1748/element/00000000-0000-07f5-0000-002b00000000/value[39m
[35m[HTTP][39m [90m{"id":"00000000-0000-07f5-0000-002b00000000","text":"ads, Email","value":["a","d","s",","," ","E","m","a","i","l"]}[39m
[35m[HTTP][39m [37m<-- POST /wd/hub/session/dc9e9ee2-3576-4436-8581-30ab615a1748/element/00000000-0000-07f5-0000-002b00000000/value [39m[32m200[39m [90m60523 ms - 14[39m
[35m[HTTP][39m [90m[39m
[35m[HTTP][39m [37m-->[39m [37mGET[39m [37m/wd/hub/session/dc9e9ee2-3576-4436-8581-30ab615a1748/source[39m
[35m[HTTP][39m [90m{}[39m
[35m[W3C (dc9e9ee2)][39m Driver proxy active, passing request on via HTTP proxy
[35m[WD Proxy][39m Replacing sessionId 29129d26-166e-4cf4-8c99-416a7936c119 with dc9e9ee2-3576-4436-8581-30ab615a1748
[35m[HTTP][39m [37m<-- GET /wd/hub/session/dc9e9ee2-3576-4436-8581-30ab615a1748/source [39m[32m200[39m [90m10345 ms - 6994[39m
[35m[HTTP][39m [90m[39m
[35m[HTTP][39m [37m-->[39m [37mGET[39m [37m/wd/hub/session/dc9e9ee2-3576-4436-8581-30ab615a1748/screenshot[39m
[35m[HTTP][39m [90m{}[39m
[35m[HTTP][39m [37m<-- GET /wd/hub/session/dc9e9ee2-3576-4436-8581-30ab615a1748/screenshot [39m[32m200[39m [90m676 ms - 60138[39m
[35m[HTTP][39m [90m[39m
[35m[HTTP][39m [37m-->[39m [37mGET[39m [37m/wd/hub/session/dc9e9ee2-3576-4436-8581-30ab615a1748/source[39m
[35m[HTTP][39m [90m{}[39m
[35m[W3C (dc9e9ee2)][39m Driver proxy active, passing request on via HTTP proxy
[35m[WD Proxy][39m Replacing sessionId 29129d26-166e-4cf4-8c99-416a7936c119 with dc9e9ee2-3576-4436-8581-30ab615a1748
[35m[HTTP][39m [37m<-- GET /wd/hub/session/dc9e9ee2-3576-4436-8581-30ab615a1748/source [39m[32m200[39m [90m10375 ms - 6994[39m
[35m[HTTP][39m [90m[39m
[35m[HTTP][39m [37m-->[39m [37mGET[39m [37m/wd/hub/session/dc9e9ee2-3576-4436-8581-30ab615a1748/screenshot[39m
[35m[HTTP][39m [90m{}[39m
[35m[HTTP][39m [37m<-- GET /wd/hub/session/dc9e9ee2-3576-4436-8581-30ab615a1748/screenshot [39m[32m200[39m [90m753 ms - 59930[39m
[35m[HTTP][39m [90m[39m
[35m[HTTP][39m [37m-->[39m [37mPOST[39m [37m/wd/hub/session/dc9e9ee2-3576-4436-8581-30ab615a1748/elements[39m
[35m[HTTP][39m [90m{"using":"xpath","value":"//*[@class = 'android.widget.Button' and @resource-id = '' and (@text = '' or . = '')]"}[39m
[35m[HTTP][39m [37m<-- POST /wd/hub/session/dc9e9ee2-3576-4436-8581-30ab615a1748/elements [39m[32m200[39m [90m10413 ms - 395[39m
[35m[HTTP][39m [90m[39m
[35m[HTTP][39m [37m-->[39m [37mPOST[39m [37m/wd/hub/session/dc9e9ee2-3576-4436-8581-30ab615a1748/elements[39m
[35m[HTTP][39m [90m{"using":"accessibility id","value":"Login"}[39m
[35m[HTTP][39m [37m<-- POST /wd/hub/session/dc9e9ee2-3576-4436-8581-30ab615a1748/elements [39m[32m200[39m [90m10173 ms - 267[39m
[35m[HTTP][39m [90m[39m
[35m[HTTP][39m [37m-->[39m [37mPOST[39m [37m/wd/hub/session/dc9e9ee2-3576-4436-8581-30ab615a1748/elements[39m
[35m[HTTP][39m [90m{"using":"-android uiautomator","value":"new UiSelector().className(\"android.widget.Button\").resourceId(\"\")"}[39m
[35m[HTTP][39m [37m<-- POST /wd/hub/session/dc9e9ee2-3576-4436-8581-30ab615a1748/elements [39m[32m200[39m [90m50683 ms - 395[39m
[35m[HTTP][39m [90m[39m
[35m[HTTP][39m [37m-->[39m [37mGET[39m [37m/wd/hub/session/dc9e9ee2-3576-4436-8581-30ab615a1748/window/rect[39m
[35m[HTTP][39m [90m{}[39m
[35m[HTTP][39m [37m<-- GET /wd/hub/session/dc9e9ee2-3576-4436-8581-30ab615a1748/window/rect [39m[32m200[39m [90m53 ms - 49[39m
[35m[HTTP][39m [90m[39m
[35m[HTTP][39m [37m-->[39m [37mPOST[39m [37m/wd/hub/session/dc9e9ee2-3576-4436-8581-30ab615a1748/elements[39m
[35m[HTTP][39m [90m{"using":"xpath","value":"//hierarchy/android.widget.FrameLayout[1]/android.widget.LinearLayout[1]/android.widget.FrameLayout[1]/android.widget.FrameLayout[1]/android.view.View[1]/android.view.View[1]/android.view.View[1]/android.view.View[1]/android.widget.Button[1]"}[39m
[35m[HTTP][39m [37m<-- POST /wd/hub/session/dc9e9ee2-3576-4436-8581-30ab615a1748/elements [39m[32m200[39m [90m10429 ms - 139[39m
[35m[HTTP][39m [90m[39m
[35m[HTTP][39m [37m-->[39m [37mGET[39m [37m/wd/hub/session/dc9e9ee2-3576-4436-8581-30ab615a1748/element/00000000-0000-07f5-0000-002d00000000/location[39m
[35m[HTTP][39m [90m{}[39m
[35m[W3C (dc9e9ee2)][39m Driver proxy active, passing request on via HTTP proxy
[35m[WD Proxy][39m Replacing sessionId 29129d26-166e-4cf4-8c99-416a7936c119 with dc9e9ee2-3576-4436-8581-30ab615a1748
[35m[HTTP][39m [37m<-- GET /wd/hub/session/dc9e9ee2-3576-4436-8581-30ab615a1748/element/00000000-0000-07f5-0000-002d00000000/location [39m[32m200[39m [90m20183 ms - 78[39m
[35m[HTTP][39m [90m[39m
[35m[HTTP][39m [37m-->[39m [37mPOST[39m [37m/wd/hub/session/dc9e9ee2-3576-4436-8581-30ab615a1748/touch/perform[39m
[35m[HTTP][39m [90m{"actions":[{"action":"tap","options":{"x":1,"y":1,"element":"00000000-0000-07f5-0000-002d00000000"}}]}[39m
[35m[UiAutomator2][39m calling get location: 00000000-0000-07f5-0000-002d00000000
[35m[HTTP][39m [37m<-- POST /wd/hub/session/dc9e9ee2-3576-4436-8581-30ab615a1748/touch/perform [39m[32m200[39m [90m30353 ms - 14[39m
[35m[HTTP][39m [90m[39m
[35m[HTTP][39m [37m-->[39m [37mGET[39m [37m/wd/hub/session/dc9e9ee2-3576-4436-8581-30ab615a1748/source[39m
[35m[HTTP][39m [90m{}[39m
[35m[W3C (dc9e9ee2)][39m Driver proxy active, passing request on via HTTP proxy
[35m[WD Proxy][39m Replacing sessionId 29129d26-166e-4cf4-8c99-416a7936c119 with dc9e9ee2-3576-4436-8581-30ab615a1748
[35m[HTTP][39m [37m<-- GET /wd/hub/session/dc9e9ee2-3576-4436-8581-30ab615a1748/source [39m[32m200[39m [90m10272 ms - 7943[39m
[35m[HTTP][39m [90m[39m
[35m[HTTP][39m [37m-->[39m [37mGET[39m [37m/wd/hub/session/dc9e9ee2-3576-4436-8581-30ab615a1748/screenshot[39m
[35m[HTTP][39m [90m{}[39m
[35m[HTTP][39m [37m<-- GET /wd/hub/session/dc9e9ee2-3576-4436-8581-30ab615a1748/screenshot [39m[32m200[39m [90m678 ms - 73304[39m
[35m[HTTP][39m [90m[39m
[35m[HTTP][39m [37m-->[39m [37mPOST[39m [37m/wd/hub/session/dc9e9ee2-3576-4436-8581-30ab615a1748/elements[39m
[35m[HTTP][39m [90m{"using":"xpath","value":"//*[@class = 'android.widget.EditText' and (@text = 'Email' or . = 'Email') and @resource-id = '']"}[39m
[35m[HTTP][39m [37m<-- POST /wd/hub/session/dc9e9ee2-3576-4436-8581-30ab615a1748/elements [39m[32m200[39m [90m10483 ms - 139[39m
[35m[HTTP][39m [90m[39m
[35m[HTTP][39m [37m-->[39m [37mGET[39m [37m/wd/hub/session/dc9e9ee2-3576-4436-8581-30ab615a1748/window/rect[39m
[35m[HTTP][39m [90m{}[39m
[35m[HTTP][39m [37m<-- GET /wd/hub/session/dc9e9ee2-3576-4436-8581-30ab615a1748/window/rect [39m[32m200[39m [90m33 ms - 49[39m
[35m[HTTP][39m [90m[39m
[35m[HTTP][39m [37m-->[39m [37mPOST[39m [37m/wd/hub/session/dc9e9ee2-3576-4436-8581-30ab615a1748/elements[39m
[35m[HTTP][39m [90m{"using":"xpath","value":"//*[@class = 'android.widget.EditText' and (@text = 'Email' or . = 'Email') and @resource-id = '']"}[39m
[35m[HTTP][39m [37m<-- POST /wd/hub/session/dc9e9ee2-3576-4436-8581-30ab615a1748/elements [39m[32m200[39m [90m10483 ms - 139[39m
[35m[HTTP][39m [90m[39m
[35m[HTTP][39m [37m-->[39m [37mGET[39m [37m/wd/hub/session/dc9e9ee2-3576-4436-8581-30ab615a1748/element/00000000-0000-07f5-0000-002b00000000/location[39m
[35m[HTTP][39m [90m{}[39m
[35m[W3C (dc9e9ee2)][39m Driver proxy active, passing request on via HTTP proxy
[35m[WD Proxy][39m Replacing sessionId 29129d26-166e-4cf4-8c99-416a7936c119 with dc9e9ee2-3576-4436-8581-30ab615a1748
[35m[HTTP][39m [37m<-- GET /wd/hub/session/dc9e9ee2-3576-4436-8581-30ab615a1748/element/00000000-0000-07f5-0000-002b00000000/location [39m[32m200[39m [90m20245 ms - 77[39m
[35m[HTTP][39m [90m[39m
[35m[HTTP][39m [37m-->[39m [37mPOST[39m [37m/wd/hub/session/dc9e9ee2-3576-4436-8581-30ab615a1748/touch/perform[39m
[35m[HTTP][39m [90m{"actions":[{"action":"tap","options":{"x":1,"y":1,"element":"00000000-0000-07f5-0000-002b00000000"}}]}[39m
[35m[UiAutomator2][39m calling get location: 00000000-0000-07f5-0000-002b00000000
[35m[HTTP][39m [37m<-- POST /wd/hub/session/dc9e9ee2-3576-4436-8581-30ab615a1748/touch/perform [39m[32m200[39m [90m30368 ms - 14[39m
[35m[HTTP][39m [90m[39m
[35m[HTTP][39m [37m-->[39m [37mGET[39m [37m/wd/hub/session/dc9e9ee2-3576-4436-8581-30ab615a1748/source[39m
[35m[HTTP][39m [90m{}[39m
[35m[W3C (dc9e9ee2)][39m Driver proxy active, passing request on via HTTP proxy
[35m[WD Proxy][39m Replacing sessionId 29129d26-166e-4cf4-8c99-416a7936c119 with dc9e9ee2-3576-4436-8581-30ab615a1748
[35m[HTTP][39m [37m<-- GET /wd/hub/session/dc9e9ee2-3576-4436-8581-30ab615a1748/source [39m[32m200[39m [90m10228 ms - 7941[39m
[35m[HTTP][39m [90m[39m
[35m[HTTP][39m [37m-->[39m [37mGET[39m [37m/wd/hub/session/dc9e9ee2-3576-4436-8581-30ab615a1748/screenshot[39m
[35m[HTTP][39m [90m{}[39m
[35m[HTTP][39m [37m<-- GET /wd/hub/session/dc9e9ee2-3576-4436-8581-30ab615a1748/screenshot [39m[32m200[39m [90m1331 ms - 684312[39m
[35m[HTTP][39m [90m[39m
[35m[HTTP][39m [37m-->[39m [37mPOST[39m [37m/wd/hub/session/dc9e9ee2-3576-4436-8581-30ab615a1748/elements[39m
[35m[HTTP][39m [90m{"using":"xpath","value":"//*[@class = 'android.widget.EditText' and (@text = 'Email' or . = 'Email') and @resource-id = '']"}[39m
[35m[HTTP][39m [37m<-- POST /wd/hub/session/dc9e9ee2-3576-4436-8581-30ab615a1748/elements [39m[32m200[39m [90m10493 ms - 139[39m
[35m[HTTP][39m [90m[39m
[35m[HTTP][39m [37m-->[39m [37mGET[39m [37m/wd/hub/session/dc9e9ee2-3576-4436-8581-30ab615a1748/window/rect[39m
[35m[HTTP][39m [90m{}[39m
[35m[HTTP][39m [37m<-- GET /wd/hub/session/dc9e9ee2-3576-4436-8581-30ab615a1748/window/rect [39m[32m200[39m [90m57 ms - 49[39m
[35m[HTTP][39m [90m[39m
[35m[HTTP][39m [37m-->[39m [37mPOST[39m [37m/wd/hub/session/dc9e9ee2-3576-4436-8581-30ab615a1748/elements[39m
[35m[HTTP][39m [90m{"using":"xpath","value":"//*[@class = 'android.widget.EditText' and (@text = 'Email' or . = 'Email') and @resource-id = '']"}[39m
[35m[HTTP][39m [37m<-- POST /wd/hub/session/dc9e9ee2-3576-4436-8581-30ab615a1748/elements [39m[32m200[39m [90m10443 ms - 139[39m
[35m[HTTP][39m [90m[39m
[35m[HTTP][39m [37m-->[39m [37mGET[39m [37m/wd/hub/session/dc9e9ee2-3576-4436-8581-30ab615a1748/element/00000000-0000-07f5-0000-002b00000000/location[39m
[35m[HTTP][39m [90m{}[39m
[35m[W3C (dc9e9ee2)][39m Driver proxy active, passing request on via HTTP proxy
[35m[WD Proxy][39m Replacing sessionId 29129d26-166e-4cf4-8c99-416a7936c119 with dc9e9ee2-3576-4436-8581-30ab615a1748
[35m[HTTP][39m [37m<-- GET /wd/hub/session/dc9e9ee2-3576-4436-8581-30ab615a1748/element/00000000-0000-07f5-0000-002b00000000/location [39m[32m200[39m [90m20184 ms - 77[39m
[35m[HTTP][39m [90m[39m
[35m[HTTP][39m [37m-->[39m [37mPOST[39m [37m/wd/hub/session/dc9e9ee2-3576-4436-8581-30ab615a1748/element/00000000-0000-07f5-0000-002b00000000/clear[39m
[35m[HTTP][39m [90m{"id":"00000000-0000-07f5-0000-002b00000000"}[39m
[35m[HTTP][39m [37m<-- POST /wd/hub/session/dc9e9ee2-3576-4436-8581-30ab615a1748/element/00000000-0000-07f5-0000-002b00000000/clear [39m[32m200[39m [90m20114 ms - 14[39m
[35m[HTTP][39m [90m[39m
[35m[HTTP][39m [37m-->[39m [37mPOST[39m [37m/wd/hub/session/dc9e9ee2-3576-4436-8581-30ab615a1748/element/00000000-0000-07f5-0000-002b00000000/value[39m
[35m[HTTP][39m [90m{"id":"00000000-0000-07f5-0000-002b00000000","text":"dfawfe","value":["d","f","a","w","f","e"]}[39m
[35m[HTTP][39m [37m<-- POST /wd/hub/session/dc9e9ee2-3576-4436-8581-30ab615a1748/element/00000000-0000-07f5-0000-002b00000000/value [39m[32m200[39m [90m60360 ms - 14[39m
[35m[HTTP][39m [90m[39m
[35m[HTTP][39m [37m-->[39m [37mGET[39m [37m/wd/hub/session/dc9e9ee2-3576-4436-8581-30ab615a1748/source[39m
[35m[HTTP][39m [90m{}[39m
[35m[W3C (dc9e9ee2)][39m Driver proxy active, passing request on via HTTP proxy
[35m[WD Proxy][39m Replacing sessionId 29129d26-166e-4cf4-8c99-416a7936c119 with dc9e9ee2-3576-4436-8581-30ab615a1748
[35m[HTTP][39m [37m<-- GET /wd/hub/session/dc9e9ee2-3576-4436-8581-30ab615a1748/source [39m[32m200[39m [90m10335 ms - 7949[39m
[35m[HTTP][39m [90m[39m
[35m[HTTP][39m [37m-->[39m [37mGET[39m [37m/wd/hub/session/dc9e9ee2-3576-4436-8581-30ab615a1748/screenshot[39m
[35m[HTTP][39m [90m{}[39m
[35m[HTTP][39m [37m<-- GET /wd/hub/session/dc9e9ee2-3576-4436-8581-30ab615a1748/screenshot [39m[32m200[39m [90m1389 ms - 688198[39m
[35m[HTTP][39m [90m[39m
[35m[HTTP][39m [37m-->[39m [37mDELETE[39m [37m/wd/hub/session/dc9e9ee2-3576-4436-8581-30ab615a1748[39m
[35m[HTTP][39m [90m{}[39m
[35m[Appium][39m Removing session dc9e9ee2-3576-4436-8581-30ab615a1748 from our master session list
[35m[UiAutomator2][39m Restoring hidden api policy to the device default configuration
[35m[HTTP][39m [37m<-- DELETE /wd/hub/session/dc9e9ee2-3576-4436-8581-30ab615a1748 [39m[32m200[39m [90m669 ms - 14[39m
[35m[HTTP][39m [90m[39m
